Determining if the include file pthread.h exists passed with the following output:
Change Dir: /home/walter/Escritorio/GitCob/johanReconstrucionUK/src/segmentation/bin/CMakeFiles/CMakeTmp

Run Build Command:"/usr/bin/make" "cmTC_08a57/fast"
/usr/bin/make -f CMakeFiles/cmTC_08a57.dir/build.make CMakeFiles/cmTC_08a57.dir/build
make[1]: Entering directory '/home/walter/Escritorio/GitCob/johanReconstrucionUK/src/segmentation/bin/CMakeFiles/CMakeTmp'
Building C object CMakeFiles/cmTC_08a57.dir/CheckIncludeFile.c.o
/usr/bin/cc     -o CMakeFiles/cmTC_08a57.dir/CheckIncludeFile.c.o   -c /home/walter/Escritorio/GitCob/johanReconstrucionUK/src/segmentation/bin/CMakeFiles/CMakeTmp/CheckIncludeFile.c
Linking C executable cmTC_08a57
/usr/bin/cmake -E cmake_link_script CMakeFiles/cmTC_08a57.dir/link.txt --verbose=1
/usr/bin/cc       CMakeFiles/cmTC_08a57.dir/CheckIncludeFile.c.o  -o cmTC_08a57 -rdynamic 
make[1]: Leaving directory '/home/walter/Escritorio/GitCob/johanReconstrucionUK/src/segmentation/bin/CMakeFiles/CMakeTmp'


Determining if the function pthread_create exists in the pthread passed with the following output:
Change Dir: /home/walter/Escritorio/GitCob/johanReconstrucionUK/src/segmentation/bin/CMakeFiles/CMakeTmp

Run Build Command:"/usr/bin/make" "cmTC_99f49/fast"
/usr/bin/make -f CMakeFiles/cmTC_99f49.dir/build.make CMakeFiles/cmTC_99f49.dir/build
make[1]: Entering directory '/home/walter/Escritorio/GitCob/johanReconstrucionUK/src/segmentation/bin/CMakeFiles/CMakeTmp'
Building C object CMakeFiles/cmTC_99f49.dir/CheckFunctionExists.c.o
/usr/bin/cc    -DCHECK_FUNCTION_EXISTS=pthread_create   -o CMakeFiles/cmTC_99f49.dir/CheckFunctionExists.c.o   -c /usr/share/cmake-3.5/Modules/CheckFunctionExists.c
Linking C executable cmTC_99f49
/usr/bin/cmake -E cmake_link_script CMakeFiles/cmTC_99f49.dir/link.txt --verbose=1
/usr/bin/cc   -DCHECK_FUNCTION_EXISTS=pthread_create    CMakeFiles/cmTC_99f49.dir/CheckFunctionExists.c.o  -o cmTC_99f49 -rdynamic -lpthread 
make[1]: Leaving directory '/home/walter/Escritorio/GitCob/johanReconstrucionUK/src/segmentation/bin/CMakeFiles/CMakeTmp'


Determining if the include file pthread.h exists passed with the following output:
Change Dir: /media/walter/E/dockerPrograms/dtm_uk/plane_classification/src/segmentation/bin/CMakeFiles/CMakeTmp

Run Build Command:"/usr/bin/make" "cmTC_ae493/fast"
/usr/bin/make -f CMakeFiles/cmTC_ae493.dir/build.make CMakeFiles/cmTC_ae493.dir/build
make[1]: Entering directory '/media/walter/E/dockerPrograms/dtm_uk/plane_classification/src/segmentation/bin/CMakeFiles/CMakeTmp'
Building C object CMakeFiles/cmTC_ae493.dir/CheckIncludeFile.c.o
/usr/bin/cc     -o CMakeFiles/cmTC_ae493.dir/CheckIncludeFile.c.o   -c /media/walter/E/dockerPrograms/dtm_uk/plane_classification/src/segmentation/bin/CMakeFiles/CMakeTmp/CheckIncludeFile.c
Linking C executable cmTC_ae493
/usr/bin/cmake -E cmake_link_script CMakeFiles/cmTC_ae493.dir/link.txt --verbose=1
/usr/bin/cc       CMakeFiles/cmTC_ae493.dir/CheckIncludeFile.c.o  -o cmTC_ae493 -rdynamic 
make[1]: Leaving directory '/media/walter/E/dockerPrograms/dtm_uk/plane_classification/src/segmentation/bin/CMakeFiles/CMakeTmp'


Determining if the function pthread_create exists in the pthread passed with the following output:
Change Dir: /media/walter/E/dockerPrograms/dtm_uk/plane_classification/src/segmentation/bin/CMakeFiles/CMakeTmp

Run Build Command:"/usr/bin/make" "cmTC_151a5/fast"
/usr/bin/make -f CMakeFiles/cmTC_151a5.dir/build.make CMakeFiles/cmTC_151a5.dir/build
make[1]: Entering directory '/media/walter/E/dockerPrograms/dtm_uk/plane_classification/src/segmentation/bin/CMakeFiles/CMakeTmp'
Building C object CMakeFiles/cmTC_151a5.dir/CheckFunctionExists.c.o
/usr/bin/cc    -DCHECK_FUNCTION_EXISTS=pthread_create   -o CMakeFiles/cmTC_151a5.dir/CheckFunctionExists.c.o   -c /usr/share/cmake-3.5/Modules/CheckFunctionExists.c
Linking C executable cmTC_151a5
/usr/bin/cmake -E cmake_link_script CMakeFiles/cmTC_151a5.dir/link.txt --verbose=1
/usr/bin/cc   -DCHECK_FUNCTION_EXISTS=pthread_create    CMakeFiles/cmTC_151a5.dir/CheckFunctionExists.c.o  -o cmTC_151a5 -rdynamic -lpthread 
make[1]: Leaving directory '/media/walter/E/dockerPrograms/dtm_uk/plane_classification/src/segmentation/bin/CMakeFiles/CMakeTmp'


